2026-05-13T09:28:00: (node:2584) [MONGODB DRIVER] Warning: useNewUrlParser is a deprecated option: useNewUrlParser has no effect since Node.js Driver version 4.0.0 and will be removed in the next major version
(Use `node --trace-warnings ...` to show where the warning was created)
2026-05-13T09:28:00: (node:2584) [MONGODB DRIVER] Warning: useUnifiedTopology is a deprecated option: useUnifiedTopology has no effect since Node.js Driver version 4.0.0 and will be removed in the next major version
2026-05-13T09:28:00: Server running on port 5000
2026-05-13T09:28:00: MongoDB connected!
2026-05-13T09:34:49: (node:17176) [MONGODB DRIVER] Warning: useNewUrlParser is a deprecated option: useNewUrlParser has no effect since Node.js Driver version 4.0.0 and will be removed in the next major version
(Use `node --trace-warnings ...` to show where the warning was created)
2026-05-13T09:34:49: (node:17176) [MONGODB DRIVER] Warning: useUnifiedTopology is a deprecated option: useUnifiedTopology has no effect since Node.js Driver version 4.0.0 and will be removed in the next major version
2026-05-13T09:34:49: Server running on port 5000
2026-05-13T09:34:49: MongoDB connected!
2026-05-13T09:36:54: (node:7424) [MONGODB DRIVER] Warning: useNewUrlParser is a deprecated option: useNewUrlParser has no effect since Node.js Driver version 4.0.0 and will be removed in the next major version
(Use `node --trace-warnings ...` to show where the warning was created)
2026-05-13T09:36:54: (node:7424) [MONGODB DRIVER] Warning: useUnifiedTopology is a deprecated option: useUnifiedTopology has no effect since Node.js Driver version 4.0.0 and will be removed in the next major version
2026-05-13T09:36:54: Server running on port 5000
2026-05-13T09:36:54: MongoDB connected!
2026-05-13T09:37:14: (node:23460) [MONGODB DRIVER] Warning: useNewUrlParser is a deprecated option: useNewUrlParser has no effect since Node.js Driver version 4.0.0 and will be removed in the next major version
(Use `node --trace-warnings ...` to show where the warning was created)
2026-05-13T09:37:14: (node:23460) [MONGODB DRIVER] Warning: useUnifiedTopology is a deprecated option: useUnifiedTopology has no effect since Node.js Driver version 4.0.0 and will be removed in the next major version
2026-05-13T09:37:14: Server running on port 5000
2026-05-13T09:37:14: MongoDB connected!
2026-05-13T09:39:01: (node:16348) [MONGODB DRIVER] Warning: useNewUrlParser is a deprecated option: useNewUrlParser has no effect since Node.js Driver version 4.0.0 and will be removed in the next major version
(Use `node --trace-warnings ...` to show where the warning was created)
2026-05-13T09:39:01: (node:16348) [MONGODB DRIVER] Warning: useUnifiedTopology is a deprecated option: useUnifiedTopology has no effect since Node.js Driver version 4.0.0 and will be removed in the next major version
2026-05-13T09:39:01: Server running on port 5000
2026-05-13T09:39:01: MongoDB connected!
2026-05-13T09:56:31: (node:10344) [MONGODB DRIVER] Warning: useNewUrlParser is a deprecated option: useNewUrlParser has no effect since Node.js Driver version 4.0.0 and will be removed in the next major version
(Use `node --trace-warnings ...` to show where the warning was created)
2026-05-13T09:56:31: (node:10344) [MONGODB DRIVER] Warning: useUnifiedTopology is a deprecated option: useUnifiedTopology has no effect since Node.js Driver version 4.0.0 and will be removed in the next major version
2026-05-13T09:56:31: Server running on port 5000
2026-05-13T09:56:31: MongoDB connected!
